2026-06-29 11:12:35  INFO      tess_pipeline.analysis.stages.target  Resolving target from local FITS inputs
2026-06-29 11:12:35  INFO      tess_pipeline.data.metadata  Inferred TIC 270501383 from FITS header: data/fits/tess2018206045859-s0001-0000000270501383-0120-s_lc.fits
2026-06-29 11:12:35  INFO      tess_pipeline.data.metadata  Inferred coordinates from FITS header: data/fits/tess2018206045859-s0001-0000000270501383-0120-s_lc.fits (RA=324.535016, Dec=-31.737484)
2026-06-29 11:12:35  INFO      tess_pipeline.analysis.stages.target  Resolved to TIC 270501383
2026-06-29 11:12:35  INFO      tess_pipeline.analysis.stages.period  Querying NASA Exoplanet Archive for TIC 270501383
2026-06-29 11:12:36  INFO      tess_pipeline.catalogs.nasa_archive  No local NASA archive entry found for TIC 270501383
2026-06-29 11:12:36  INFO      tess_pipeline.analysis.stages.lightcurve  Loading TESS light curves from local FITS files
2026-06-29 11:12:36  INFO      tess_pipeline.data.download  [fits] Step 1/4: normalizing FITS paths
2026-06-29 11:12:40  INFO      tess_pipeline.data.download  [fits] Step 2/4: 1 FITS file(s) queued
2026-06-29 11:12:40  INFO      tess_pipeline.data.download  [fits] Step 3/4: reading file 1/1: data/fits/tess2018206045859-s0001-0000000270501383-0120-s_lc.fits
2026-06-29 11:12:40  INFO      tess_pipeline.data.download  [fits] Step 4/4: loaded 1 light curve(s) from local FITS in 4.6s
2026-06-29 11:12:40  INFO      tess_pipeline.analysis.stages.lightcurve  Preprocessing light curves
2026-06-29 11:12:40  DEBUG     tess_pipeline.data.preprocess  Stitched 1 sectors → 18171 cadences
2026-06-29 11:12:41  INFO      tess_pipeline.data.preprocess  Preprocessing complete: 18171 cadences remain
2026-06-29 11:12:42  INFO      tess_pipeline.analysis.session  Saved step plot: output/TIC 270501383/plots/raw.png
2026-06-29 11:12:42  INFO      tess_pipeline.analysis.session  Saved step plot: output/TIC 270501383/plots/flat.png
2026-06-29 11:12:42  INFO      tess_pipeline.analysis.stages.period  No archive period; running TLS search
2026-06-29 11:12:42  INFO      tess_pipeline.transit.detection  Running TLS (period 0.5–100.0 d)
2026-06-29 11:12:45  DEBUG     tess_pipeline.transit.tls  TLS kwargs: {'period_min': 0.5, 'period_max': 100.0}
2026-06-29 11:13:31  INFO      tess_pipeline.transit.tls  TLS: period=0.744744 d, epoch=1325.3875, duration=0.17 h, depth=0.999918, SDE=4.72
2026-06-29 11:13:31  INFO      tess_pipeline.analysis.stages.period  Best period: 0.744744 d (SDE/SNR = 4.72)
2026-06-29 11:13:32  INFO      tess_pipeline.analysis.session  Saved step plot: output/TIC 270501383/plots/tls_periodogram.png
2026-06-29 11:13:33  INFO      tess_pipeline.analysis.session  Saved step plot: output/TIC 270501383/plots/phase.png
2026-06-29 11:13:33  INFO      tess_pipeline.analysis.stages.stellar  Querying Gaia DR3
2026-06-29 11:13:42  WARNING   tess_pipeline.catalogs.gaia  Gaia DR3: r_star not available for this source
2026-06-29 11:13:42  INFO      tess_pipeline.analysis.stages.stellar  Running stellar characterization (isoclassify)
2026-06-29 11:13:42  WARNING   tess_pipeline.catalogs.stellar  Insufficient Gaia parameters for isoclassify (need r_star, teff, parallax)
2026-06-29 11:13:42  WARNING   tess_pipeline.catalogs.stellar  isoclassify failed; falling back to Gaia-only parameters
2026-06-29 11:13:42  WARNING   tess_pipeline.catalogs.stellar  Gaia R★ unavailable; stellar characterization incomplete
2026-06-29 11:13:42  INFO      tess_pipeline.analysis.stages.stellar  Querying SDSS for radial velocity
2026-06-29 11:13:43  INFO      tess_pipeline.catalogs.sdss  No SDSS spectroscopic match within 3 arcsec
2026-06-29 11:13:43  INFO      tess_pipeline.analysis.stages.stellar  No SDSS RV available for this target
2026-06-29 11:13:44  INFO      tess_pipeline.analysis.stages.inference  Running Bayesian transit fit (exoplanet + PyMC)
2026-06-29 11:13:44  INFO      tess_pipeline.inference.bayesian  Building PyMC model (N=18171 points, period=0.744744 d)
2026-06-29 11:13:45  DEBUG     tess_pipeline.inference.gp  Using SHO GP kernel
2026-06-29 11:13:45  INFO      tess_pipeline.inference.bayesian  Finding MAP solution
2026-06-29 11:13:45  WARNING   tess_pipeline.inference.bayesian  MAP optimization failed (module 'exoplanet' has no attribute 'optimize'); using default initvals
2026-06-29 11:13:45  INFO      tess_pipeline.inference.bayesian  Sampling: 1 chains × 100 draws (tune=100, target_accept=0.90)
2026-06-29 11:34:39  INFO      tess_pipeline.inference.bayesian  Sampling complete
2026-06-29 11:34:40  INFO      tess_pipeline.analysis.session  Saved step plot: output/TIC 270501383/plots/bayesian_fit.png
2026-06-29 11:34:44  INFO      tess_pipeline.analysis.session  Saved step plot: output/TIC 270501383/plots/corner.png
2026-06-29 11:34:45  INFO      tess_pipeline.analysis.session  Saved step plot: output/TIC 270501383/plots/trace.png
2026-06-29 11:34:46  INFO      tess_pipeline.analysis.session  Saved step plot: output/TIC 270501383/plots/posterior_predictive.png
2026-06-29 11:34:47  INFO      tess_pipeline.analysis.session  Saved step plot: output/TIC 270501383/plots/residuals.png
2026-06-29 11:34:47  INFO      tess_pipeline.analysis.stages.visualization  Generating diagnostic figures
2026-06-29 11:34:51  INFO      tess_pipeline.io.export  Saving results to output/TIC 270501383
2026-06-29 11:34:51  DEBUG     tess_pipeline.io.export  Saved CSV: output/TIC 270501383/TIC270501383_summary.csv
2026-06-29 11:34:51  DEBUG     tess_pipeline.io.export  Saved JSON: output/TIC 270501383/TIC270501383_metadata.json
2026-06-29 11:34:51  WARNING   tess_pipeline.io.export  Could not save posterior: cannot write NetCDF files with format='NETCDF4' because none of the suitable backend libraries (netCDF4, h5netcdf) are installed
2026-06-29 11:34:51  DEBUG     tess_pipeline.io.export  Saved light curve FITS: output/TIC 270501383/TIC270501383_lightcurve.fits
2026-06-29 11:34:52  DEBUG     tess_pipeline.io.export  Saved figure: output/TIC 270501383/plots/raw.png
2026-06-29 11:34:52  DEBUG     tess_pipeline.io.export  Saved figure: output/TIC 270501383/plots/flat.png
2026-06-29 11:34:53  DEBUG     tess_pipeline.io.export  Saved figure: output/TIC 270501383/plots/tls_periodogram.png
2026-06-29 11:34:53  DEBUG     tess_pipeline.io.export  Saved figure: output/TIC 270501383/plots/phase.png
2026-06-29 11:34:54  DEBUG     tess_pipeline.io.export  Saved figure: output/TIC 270501383/plots/residuals.png
2026-06-29 11:34:55  DEBUG     tess_pipeline.io.export  Saved figure: output/TIC 270501383/plots/bayesian_fit.png
2026-06-29 11:34:57  DEBUG     tess_pipeline.io.export  Saved figure: output/TIC 270501383/plots/corner.png
2026-06-29 11:34:58  DEBUG     tess_pipeline.io.export  Saved figure: output/TIC 270501383/plots/trace.png
2026-06-29 11:34:59  DEBUG     tess_pipeline.io.export  Saved figure: output/TIC 270501383/plots/posterior_predictive.png
2026-06-29 11:34:59  INFO      tess_pipeline.io.export  Export complete: output/TIC 270501383
