2026-06-29 12:39:10  INFO      tess_pipeline.analysis.stages.target  Resolving target: TIC 261136679
2026-06-29 12:39:10  DEBUG     tess_pipeline.data.metadata  Resolved 'TIC 261136679' to TIC 261136679
2026-06-29 12:39:10  INFO      tess_pipeline.catalogs.nasa_archive  Using local NASA archive CSV /home/astro-nitesh/Desktop/Siya/exoplanet_modelling/tess_exoplanet_pipeline/data/TOI_2026.06.28_09.42.00.csv for TIC 261136679 (matched 1 row(s))
2026-06-29 12:39:10  INFO      tess_pipeline.data.metadata  Loaded coordinates for TIC 261136679 from local archive
2026-06-29 12:39:10  INFO      tess_pipeline.analysis.stages.target  Resolved to TIC 261136679
2026-06-29 12:39:10  INFO      tess_pipeline.analysis.stages.period  Querying NASA Exoplanet Archive for TIC 261136679
2026-06-29 12:39:10  INFO      tess_pipeline.catalogs.nasa_archive  Using local NASA archive CSV /home/astro-nitesh/Desktop/Siya/exoplanet_modelling/tess_exoplanet_pipeline/data/TOI_2026.06.28_09.42.00.csv for TIC 261136679 (matched 1 row(s))
2026-06-29 12:39:10  INFO      tess_pipeline.analysis.stages.period  Archive period: 6.267832 d (ref: Local NASA Exoplanet Archive TOI export: /home/astro-nitesh/Desktop/Siya/exoplanet_modelling/tess_exoplanet_pipeline/data/TOI_2026.06.28_09.42.00.csv)
2026-06-29 12:39:10  INFO      tess_pipeline.analysis.stages.lightcurve  Downloading TESS data for TIC 261136679
2026-06-29 12:39:15  INFO      tess_pipeline.data.download  [download] Starting download for TIC 261136679 (author=SPOC, cadence=120, sectors=1, force_download=False)
2026-06-29 12:39:15  INFO      tess_pipeline.data.download  [download] Step 1/5: validated input arguments
2026-06-29 12:39:15  INFO      tess_pipeline.data.download  [download] Found existing files for TIC 261136679 in data/fits/, loading them:
2026-06-29 12:39:15  INFO      tess_pipeline.data.download    tess2018206045859-s0001-0000000261136679-0120-s_lc.fits
2026-06-29 12:39:15  INFO      tess_pipeline.data.download  [fits] Step 1/4: normalizing FITS paths
2026-06-29 12:39:15  INFO      tess_pipeline.data.download  [fits] Step 2/4: 1 FITS file(s) queued
2026-06-29 12:39:15  INFO      tess_pipeline.data.download  [fits] Step 3/4: reading file 1/1: data/fits/tess2018206045859-s0001-0000000261136679-0120-s_lc.fits
2026-06-29 12:39:15  INFO      tess_pipeline.data.download  [fits] Step 4/4: loaded 1 light curve(s) from local FITS in 0.2s
2026-06-29 12:39:15  INFO      tess_pipeline.analysis.stages.lightcurve  Preprocessing light curves
2026-06-29 12:39:16  DEBUG     tess_pipeline.data.preprocess  Stitched 1 sectors → 18263 cadences
2026-06-29 12:39:16  INFO      tess_pipeline.data.preprocess  Preprocessing complete: 18258 cadences remain
2026-06-29 12:39:17  INFO      tess_pipeline.analysis.session  Saved step plot: output/TIC 261136679/plots/raw.png
2026-06-29 12:39:18  INFO      tess_pipeline.analysis.session  Saved step plot: output/TIC 261136679/plots/flat.png
2026-06-29 12:39:18  INFO      tess_pipeline.transit.detection  Running TLS (period 0.5–100.0 d)
2026-06-29 12:39:20  DEBUG     tess_pipeline.transit.tls  TLS kwargs: {'period_min': 0.5, 'period_max': 100.0}
2026-06-29 12:39:48  INFO      tess_pipeline.transit.tls  TLS: period=6.267548 d, epoch=1325.5046, duration=2.99 h, depth=0.999833, SDE=20.14
2026-06-29 12:39:49  INFO      tess_pipeline.analysis.session  Saved step plot: output/TIC 261136679/plots/tls_periodogram.png
2026-06-29 12:39:50  INFO      tess_pipeline.analysis.session  Saved step plot: output/TIC 261136679/plots/phase.png
2026-06-29 12:39:50  INFO      tess_pipeline.analysis.stages.stellar  Querying Gaia DR3
2026-06-29 12:39:58  WARNING   tess_pipeline.catalogs.gaia  Gaia DR3: r_star not available for this source
2026-06-29 12:39:58  INFO      tess_pipeline.analysis.stages.stellar  Running stellar characterization (isoclassify)
2026-06-29 12:39:58  WARNING   tess_pipeline.catalogs.stellar  Insufficient Gaia parameters for isoclassify (need r_star, teff, parallax)
2026-06-29 12:39:58  WARNING   tess_pipeline.catalogs.stellar  isoclassify failed; falling back to Gaia-only parameters
2026-06-29 12:39:58  WARNING   tess_pipeline.catalogs.stellar  Gaia R★ unavailable; stellar characterization incomplete
2026-06-29 12:39:58  INFO      tess_pipeline.analysis.stages.stellar  Querying SDSS for radial velocity
2026-06-29 12:39:58  INFO      tess_pipeline.catalogs.sdss  No SDSS spectroscopic match within 3 arcsec
2026-06-29 12:39:58  INFO      tess_pipeline.analysis.stages.stellar  No SDSS RV available for this target
2026-06-29 12:39:59  INFO      tess_pipeline.analysis.stages.inference  Running Bayesian transit fit (exoplanet + PyMC)
2026-06-29 12:39:59  INFO      tess_pipeline.inference.bayesian  Building PyMC model (N=18258 points, period=6.267832 d)
2026-06-29 12:39:59  DEBUG     tess_pipeline.inference.gp  Using SHO GP kernel
2026-06-29 12:40:00  INFO      tess_pipeline.inference.bayesian  Finding MAP solution
2026-06-29 12:40:00  WARNING   tess_pipeline.inference.bayesian  MAP optimization failed (module 'exoplanet' has no attribute 'optimize'); using default initvals
2026-06-29 12:40:00  INFO      tess_pipeline.inference.bayesian  Sampling: 2 chains × 2 draws (tune=2, target_accept=0.90)
2026-06-29 12:41:01  INFO      tess_pipeline.inference.bayesian  Sampling complete
2026-06-29 12:41:03  INFO      tess_pipeline.analysis.session  Saved step plot: output/TIC 261136679/plots/bayesian_fit.png
